<?xml version="1.0" encoding="UTF-8"?>
<!-- Generated by org.testng.reporters.JUnitReportReporter -->
<testsuite hostname="DESKTOP-HEU2PQT" name="gw.qa.guidewiretest.LoginPageTest" tests="2" failures="0" timestamp="23 May 2019 16:55:06 GMT" time="42.991" errors="0">
  <testcase name="loginTest" time="24.718" classname="gw.qa.guidewiretest.LoginPageTest"/>
  <testcase name="loginTest" time="18.273" classname="gw.qa.guidewiretest.LoginPageTest"/>
</testsuite> <!-- gw.qa.guidewiretest.LoginPageTest -->
