<?xml version="1.0" encoding="UTF-8"?>
<!-- Generated by org.testng.reporters.JUnitReportReporter -->
<testsuite skipped="0" hostname="DESKTOP-HEU2PQT" name="gw.qa.guidewiretest.LossDetailsTest" tests="4" failures="0" timestamp="26 May 2019 12:11:24 GMT" time="30.429" errors="0">
  <testcase name="claimTest" time="7.923" classname="gw.qa.guidewiretest.LossDetailsTest"/>
  <testcase name="claimTest" time="7.574" classname="gw.qa.guidewiretest.LossDetailsTest"/>
  <testcase name="claimTest" time="7.522" classname="gw.qa.guidewiretest.LossDetailsTest"/>
  <testcase name="claimTest" time="7.410" classname="gw.qa.guidewiretest.LossDetailsTest"/>
</testsuite> <!-- gw.qa.guidewiretest.LossDetailsTest -->
